Analysis & Synthesis report for CPU16
Wed Jun 01 11:45:20 2011
Quartus II Version 9.1 Build 350 03/24/2010 Service Pack 2 SJ Web Edition


---------------------
; Table of Contents ;
---------------------
  1. Legal Notice
  2. Analysis & Synthesis Summary
  3. Analysis & Synthesis Settings
  4. Parallel Compilation
  5. Analysis & Synthesis Source Files Read
  6. Analysis & Synthesis Resource Usage Summary
  7. Analysis & Synthesis Resource Utilization by Entity
  8. Analysis & Synthesis RAM Summary
  9. Registers Removed During Synthesis
 10. General Register Statistics
 11. Inverted Register Statistics
 12. Multiplexer Restructuring Statistics (Restructuring Performed)
 13. Source assignments for altsyncram:altsyncram_component|altsyncram_u2t:auto_generated
 14. Parameter Settings for User Entity Instance: Top-level Entity: |CPU16
 15. Parameter Settings for User Entity Instance: altsyncram:altsyncram_component
 16. altsyncram Parameter Settings by Entity Instance
 17. Analysis & Synthesis Messages



----------------
; Legal Notice ;
----------------
Copyright (C) 1991-2010 Altera Corporation
Your use of Altera Corporation's design tools, logic functions 
and other software and tools, and its AMPP partner logic 
functions, and any output files from any of the foregoing 
(including device programming or simulation files), and any 
associated documentation or information are expressly subject 
to the terms and conditions of the Altera Program License 
Subscription Agreement, Altera MegaCore Function License 
Agreement, or other applicable license agreement, including, 
without limitation, that your use is for the sole purpose of 
programming logic devices manufactured by Altera and sold by 
Altera or its authorized distributors.  Please refer to the 
applicable agreement for further details.



+-----------------------------------------------------------------------------------+
; Analysis & Synthesis Summary                                                      ;
+------------------------------------+----------------------------------------------+
; Analysis & Synthesis Status        ; Successful - Wed Jun 01 11:45:19 2011        ;
; Quartus II Version                 ; 9.1 Build 350 03/24/2010 SP 2 SJ Web Edition ;
; Revision Name                      ; CPU16                                        ;
; Top-level Entity Name              ; CPU16                                        ;
; Family                             ; Cyclone II                                   ;
; Total logic elements               ; 132                                          ;
;     Total combinational functions  ; 115                                          ;
;     Dedicated logic registers      ; 46                                           ;
; Total registers                    ; 46                                           ;
; Total pins                         ; 58                                           ;
; Total virtual pins                 ; 0                                            ;
; Total memory bits                  ; 4,096                                        ;
; Embedded Multiplier 9-bit elements ; 0                                            ;
; Total PLLs                         ; 0                                            ;
+------------------------------------+----------------------------------------------+


+----------------------------------------------------------------------------------------------------------------------+
; Analysis & Synthesis Settings                                                                                        ;
+----------------------------------------------------------------------------+--------------------+--------------------+
; Option                                                                     ; Setting            ; Default Value      ;
+----------------------------------------------------------------------------+--------------------+--------------------+
; Device                                                                     ; EP2C20F484C7       ;                    ;
; Top-level entity name                                                      ; CPU16              ; CPU16              ;
; Family name                                                                ; Cyclone II         ; Stratix II         ;
; Use Generated Physical Constraints File                                    ; Off                ;                    ;
; Use smart compilation                                                      ; Off                ; Off                ;
; Enable parallel Assembler and TimeQuest Timing Analyzer during compilation ; On                 ; On                 ;
; Enable compact report table                                                ; Off                ; Off                ;
; Restructure Multiplexers                                                   ; Auto               ; Auto               ;
; Create Debugging Nodes for IP Cores                                        ; Off                ; Off                ;
; Preserve fewer node names                                                  ; On                 ; On                 ;
; Disable OpenCore Plus hardware evaluation                                  ; Off                ; Off                ;
; Verilog Version                                                            ; Verilog_2001       ; Verilog_2001       ;
; VHDL Version                                                               ; VHDL_1993          ; VHDL_1993          ;
; State Machine Processing                                                   ; Auto               ; Auto               ;
; Safe State Machine                                                         ; Off                ; Off                ;
; Extract Verilog State Machines                                             ; On                 ; On                 ;
; Extract VHDL State Machines                                                ; On                 ; On                 ;
; Ignore Verilog initial constructs                                          ; Off                ; Off                ;
; Iteration limit for constant Verilog loops                                 ; 5000               ; 5000               ;
; Iteration limit for non-constant Verilog loops                             ; 250                ; 250                ;
; Add Pass-Through Logic to Inferred RAMs                                    ; On                 ; On                 ;
; Parallel Synthesis                                                         ; On                 ; On                 ;
; DSP Block Balancing                                                        ; Auto               ; Auto               ;
; NOT Gate Push-Back                                                         ; On                 ; On                 ;
; Power-Up Don't Care                                                        ; On                 ; On                 ;
; Remove Redundant Logic Cells                                               ; Off                ; Off                ;
; Remove Duplicate Registers                                                 ; On                 ; On                 ;
; Ignore CARRY Buffers                                                       ; Off                ; Off                ;
; Ignore CASCADE Buffers                                                     ; Off                ; Off                ;
; Ignore GLOBAL Buffers                                                      ; Off                ; Off                ;
; Ignore ROW GLOBAL Buffers                                                  ; Off                ; Off                ;
; Ignore LCELL Buffers                                                       ; Off                ; Off                ;
; Ignore SOFT Buffers                                                        ; On                 ; On                 ;
; Limit AHDL Integers to 32 Bits                                             ; Off                ; Off                ;
; Optimization Technique                                                     ; Balanced           ; Balanced           ;
; Carry Chain Length                                                         ; 70                 ; 70                 ;
; Auto Carry Chains                                                          ; On                 ; On                 ;
; Auto Open-Drain Pins                                                       ; On                 ; On                 ;
; Perform WYSIWYG Primitive Resynthesis                                      ; Off                ; Off                ;
; Auto ROM Replacement                                                       ; On                 ; On                 ;
; Auto RAM Replacement                                                       ; On                 ; On                 ;
; Auto Shift Register Replacement                                            ; Auto               ; Auto               ;
; Auto Clock Enable Replacement                                              ; On                 ; On                 ;
; Strict RAM Replacement                                                     ; Off                ; Off                ;
; Allow Synchronous Control Signals                                          ; On                 ; On                 ;
; Force Use of Synchronous Clear Signals                                     ; Off                ; Off                ;
; Auto RAM to Logic Cell Conversion                                          ; Off                ; Off                ;
; Auto Resource Sharing                                                      ; Off                ; Off                ;
; Allow Any RAM Size For Recognition                                         ; Off                ; Off                ;
; Allow Any ROM Size For Recognition                                         ; Off                ; Off                ;
; Allow Any Shift Register Size For Recognition                              ; Off                ; Off                ;
; Use LogicLock Constraints during Resource Balancing                        ; On                 ; On                 ;
; Ignore translate_off and synthesis_off directives                          ; Off                ; Off                ;
; Timing-Driven Synthesis                                                    ; Off                ; Off                ;
; Show Parameter Settings Tables in Synthesis Report                         ; On                 ; On                 ;
; Ignore Maximum Fan-Out Assignments                                         ; Off                ; Off                ;
; Synchronization Register Chain Length                                      ; 2                  ; 2                  ;
; PowerPlay Power Optimization                                               ; Normal compilation ; Normal compilation ;
; HDL message level                                                          ; Level2             ; Level2             ;
; Suppress Register Optimization Related Messages                            ; Off                ; Off                ;
; Number of Removed Registers Reported in Synthesis Report                   ; 5000               ; 5000               ;
; Number of Inverted Registers Reported in Synthesis Report                  ; 100                ; 100                ;
; Clock MUX Protection                                                       ; On                 ; On                 ;
; Auto Gated Clock Conversion                                                ; Off                ; Off                ;
; Block Design Naming                                                        ; Auto               ; Auto               ;
; SDC constraint protection                                                  ; Off                ; Off                ;
; Synthesis Effort                                                           ; Auto               ; Auto               ;
; Shift Register Replacement - Allow Asynchronous Clear Signal               ; On                 ; On                 ;
; Analysis & Synthesis Message Level                                         ; Medium             ; Medium             ;
; Disable Register Merging Across Hierarchies                                ; Auto               ; Auto               ;
; Resource Aware Inference For Block RAM                                     ; On                 ; On                 ;
+----------------------------------------------------------------------------+--------------------+--------------------+


Parallel compilation was disabled, but you have multiple processors available. Enable parallel compilation to reduce compilation time.
+-------------------------------------+
; Parallel Compilation                ;
+----------------------------+--------+
; Processors                 ; Number ;
+----------------------------+--------+
; Number detected on machine ; 2      ;
; Maximum allowed            ; 1      ;
+----------------------------+--------+


+--------------------------------------------------------------------------------------------------------------------------------------------------------+
; Analysis & Synthesis Source Files Read                                                                                                                 ;
+----------------------------------+-----------------+----------------------------------+----------------------------------------------------------------+
; File Name with User-Entered Path ; Used in Netlist ; File Type                        ; File Name with Absolute Path                                   ;
+----------------------------------+-----------------+----------------------------------+----------------------------------------------------------------+
; CPU16.v                          ; yes             ; User Verilog HDL File            ; D:/labArq1/CPU16/CPU16.v                                       ;
; program.mif                      ; yes             ; User Memory Initialization File  ; D:/labArq1/CPU16/program.mif                                   ;
; altsyncram.tdf                   ; yes             ; Megafunction                     ; c:/altera/91sp2/quartus/libraries/megafunctions/altsyncram.tdf ;
; db/altsyncram_u2t.tdf            ; yes             ; Auto-Generated Megafunction      ; D:/labArq1/CPU16/db/altsyncram_u2t.tdf                         ;
+----------------------------------+-----------------+----------------------------------+----------------------------------------------------------------+


+-----------------------------------------------------+
; Analysis & Synthesis Resource Usage Summary         ;
+---------------------------------------------+-------+
; Resource                                    ; Usage ;
+---------------------------------------------+-------+
; Estimated Total logic elements              ; 132   ;
;                                             ;       ;
; Total combinational functions               ; 115   ;
; Logic element usage by number of LUT inputs ;       ;
;     -- 4 input functions                    ; 80    ;
;     -- 3 input functions                    ; 22    ;
;     -- <=2 input functions                  ; 13    ;
;                                             ;       ;
; Logic elements by mode                      ;       ;
;     -- normal mode                          ; 92    ;
;     -- arithmetic mode                      ; 23    ;
;                                             ;       ;
; Total registers                             ; 46    ;
;     -- Dedicated logic registers            ; 46    ;
;     -- I/O registers                        ; 0     ;
;                                             ;       ;
; I/O pins                                    ; 58    ;
; Total memory bits                           ; 4096  ;
; Maximum fan-out node                        ; clock ;
; Maximum fan-out                             ; 62    ;
; Total fan-out                               ; 778   ;
; Average fan-out                             ; 3.31  ;
+---------------------------------------------+-------+


+-----------------------------------------------------------------------------------------------------------------------------------------------------------------------------------------------------------------------------------------+
; Analysis & Synthesis Resource Utilization by Entity                                                                                                                                                                                     ;
+---------------------------------------+-------------------+--------------+-------------+--------------+---------+-----------+------+--------------+----------------------------------------------------------------------+--------------+
; Compilation Hierarchy Node            ; LC Combinationals ; LC Registers ; Memory Bits ; DSP Elements ; DSP 9x9 ; DSP 18x18 ; Pins ; Virtual Pins ; Full Hierarchy Name                                                  ; Library Name ;
+---------------------------------------+-------------------+--------------+-------------+--------------+---------+-----------+------+--------------+----------------------------------------------------------------------+--------------+
; |CPU16                                ; 115 (115)         ; 46 (46)      ; 4096        ; 0            ; 0       ; 0         ; 58   ; 0            ; |CPU16                                                               ; work         ;
;    |altsyncram:altsyncram_component|  ; 0 (0)             ; 0 (0)        ; 4096        ; 0            ; 0       ; 0         ; 0    ; 0            ; |CPU16|altsyncram:altsyncram_component                               ;              ;
;       |altsyncram_u2t:auto_generated| ; 0 (0)             ; 0 (0)        ; 4096        ; 0            ; 0       ; 0         ; 0    ; 0            ; |CPU16|altsyncram:altsyncram_component|altsyncram_u2t:auto_generated ;              ;
+---------------------------------------+-------------------+--------------+-------------+--------------+---------+-----------+------+--------------+----------------------------------------------------------------------+--------------+
Note: For table entries with two numbers listed, the numbers in parentheses indicate the number of resources of the given type used by the specific entity alone. The numbers listed outside of parentheses indicate the total resources of the given type used by the specific entity and all of its sub-entities in the hierarchy.


+--------------------------------------------------------------------------------------------------------------------------------------------------------------------------------+
; Analysis & Synthesis RAM Summary                                                                                                                                               ;
+--------------------------------------------------------------------------+------+-------------+--------------+--------------+--------------+--------------+------+-------------+
; Name                                                                     ; Type ; Mode        ; Port A Depth ; Port A Width ; Port B Depth ; Port B Width ; Size ; MIF         ;
+--------------------------------------------------------------------------+------+-------------+--------------+--------------+--------------+--------------+------+-------------+
; altsyncram:altsyncram_component|altsyncram_u2t:auto_generated|ALTSYNCRAM ; AUTO ; Single Port ; 256          ; 16           ; --           ; --           ; 4096 ; program.mif ;
+--------------------------------------------------------------------------+------+-------------+--------------+--------------+--------------+--------------+------+-------------+


+------------------------------------------------------------+
; Registers Removed During Synthesis                         ;
+---------------------------------------+--------------------+
; Register name                         ; Reason for Removal ;
+---------------------------------------+--------------------+
; state[3]                              ; Lost fanout        ;
; Total Number of Removed Registers = 1 ;                    ;
+---------------------------------------+--------------------+


+------------------------------------------------------+
; General Register Statistics                          ;
+----------------------------------------------+-------+
; Statistic                                    ; Value ;
+----------------------------------------------+-------+
; Total registers                              ; 46    ;
; Number of registers using Synchronous Clear  ; 0     ;
; Number of registers using Synchronous Load   ; 0     ;
; Number of registers using Asynchronous Clear ; 4     ;
; Number of registers using Asynchronous Load  ; 0     ;
; Number of registers using Clock Enable       ; 40    ;
; Number of registers using Preset             ; 0     ;
+----------------------------------------------+-------+


+--------------------------------------------------+
; Inverted Register Statistics                     ;
+----------------------------------------+---------+
; Inverted Register                      ; Fan out ;
+----------------------------------------+---------+
; state[3]~0                             ; 17      ;
; Total number of inverted registers = 1 ;         ;
+----------------------------------------+---------+


+----------------------------------------------------------------------------------------------------------------------------------------------+
; Multiplexer Restructuring Statistics (Restructuring Performed)                                                                               ;
+--------------------+-----------+---------------+----------------------+------------------------+------------+--------------------------------+
; Multiplexer Inputs ; Bus Width ; Baseline Area ; Area if Restructured ; Saving if Restructured ; Registered ; Example Multiplexer Output     ;
+--------------------+-----------+---------------+----------------------+------------------------+------------+--------------------------------+
; 16:1               ; 3 bits    ; 30 LEs        ; 12 LEs               ; 18 LEs                 ; Yes        ; |CPU16|state[2]                ;
; 7:1                ; 8 bits    ; 32 LEs        ; 16 LEs               ; 16 LEs                 ; Yes        ; |CPU16|program_counter[2]~reg0 ;
; 13:1               ; 16 bits   ; 128 LEs       ; 64 LEs               ; 64 LEs                 ; Yes        ; |CPU16|register_A[1]~reg0      ;
; 6:1                ; 8 bits    ; 32 LEs        ; 16 LEs               ; 16 LEs                 ; No         ; |CPU16|Selector5               ;
+--------------------+-----------+---------------+----------------------+------------------------+------------+--------------------------------+


+--------------------------------------------------------------------------------------+
; Source assignments for altsyncram:altsyncram_component|altsyncram_u2t:auto_generated ;
+---------------------------------+--------------------+------+------------------------+
; Assignment                      ; Value              ; From ; To                     ;
+---------------------------------+--------------------+------+------------------------+
; OPTIMIZE_POWER_DURING_SYNTHESIS ; NORMAL_COMPILATION ; -    ; -                      ;
+---------------------------------+--------------------+------+------------------------+


+-----------------------------------------------------------------------+
; Parameter Settings for User Entity Instance: Top-level Entity: |CPU16 ;
+----------------+-------+----------------------------------------------+
; Parameter Name ; Value ; Type                                         ;
+----------------+-------+----------------------------------------------+
; reset_pc       ; 0     ; Signed Integer                               ;
; fetch          ; 1     ; Signed Integer                               ;
; decode         ; 2     ; Signed Integer                               ;
; execute_add    ; 3     ; Signed Integer                               ;
; execute_store  ; 4     ; Signed Integer                               ;
; execute_store2 ; 5     ; Signed Integer                               ;
; execute_store3 ; 6     ; Signed Integer                               ;
; execute_load   ; 7     ; Signed Integer                               ;
; execute_jump   ; 8     ; Signed Integer                               ;
; execute_jneg   ; 9     ; Signed Integer                               ;
; execute_subt   ; 10    ; Signed Integer                               ;
; execute_xor    ; 11    ; Signed Integer                               ;
; execute_or     ; 12    ; Signed Integer                               ;
; execute_and    ; 13    ; Signed Integer                               ;
; execute_jpos   ; 14    ; Signed Integer                               ;
; execute_jzero  ; 15    ; Signed Integer                               ;
; execute_addi   ; 16    ; Signed Integer                               ;
+----------------+-------+----------------------------------------------+
Note: In order to hide this table in the UI and the text report file, please set the "Show Parameter Settings Tables in Synthesis Report" option in "Analysis and Synthesis Settings -> More Settings" to "Off".


+------------------------------------------------------------------------------+
; Parameter Settings for User Entity Instance: altsyncram:altsyncram_component ;
+------------------------------------+----------------------+------------------+
; Parameter Name                     ; Value                ; Type             ;
+------------------------------------+----------------------+------------------+
; BYTE_SIZE_BLOCK                    ; 8                    ; Untyped          ;
; AUTO_CARRY_CHAINS                  ; ON                   ; AUTO_CARRY       ;
; IGNORE_CARRY_BUFFERS               ; OFF                  ; IGNORE_CARRY     ;
; AUTO_CASCADE_CHAINS                ; ON                   ; AUTO_CASCADE     ;
; IGNORE_CASCADE_BUFFERS             ; OFF                  ; IGNORE_CASCADE   ;
; WIDTH_BYTEENA                      ; 1                    ; Untyped          ;
; OPERATION_MODE                     ; SINGLE_PORT          ; Untyped          ;
; WIDTH_A                            ; 16                   ; Signed Integer   ;
; WIDTHAD_A                          ; 8                    ; Signed Integer   ;
; NUMWORDS_A                         ; 1                    ; Untyped          ;
; OUTDATA_REG_A                      ; UNREGISTERED         ; Untyped          ;
; ADDRESS_ACLR_A                     ; NONE                 ; Untyped          ;
; OUTDATA_ACLR_A                     ; NONE                 ; Untyped          ;
; WRCONTROL_ACLR_A                   ; NONE                 ; Untyped          ;
; INDATA_ACLR_A                      ; NONE                 ; Untyped          ;
; BYTEENA_ACLR_A                     ; NONE                 ; Untyped          ;
; WIDTH_B                            ; 1                    ; Untyped          ;
; WIDTHAD_B                          ; 1                    ; Untyped          ;
; NUMWORDS_B                         ; 1                    ; Untyped          ;
; INDATA_REG_B                       ; CLOCK1               ; Untyped          ;
; WRCONTROL_WRADDRESS_REG_B          ; CLOCK1               ; Untyped          ;
; RDCONTROL_REG_B                    ; CLOCK1               ; Untyped          ;
; ADDRESS_REG_B                      ; CLOCK1               ; Untyped          ;
; OUTDATA_REG_B                      ; UNREGISTERED         ; Untyped          ;
; BYTEENA_REG_B                      ; CLOCK1               ; Untyped          ;
; INDATA_ACLR_B                      ; NONE                 ; Untyped          ;
; WRCONTROL_ACLR_B                   ; NONE                 ; Untyped          ;
; ADDRESS_ACLR_B                     ; NONE                 ; Untyped          ;
; OUTDATA_ACLR_B                     ; NONE                 ; Untyped          ;
; RDCONTROL_ACLR_B                   ; NONE                 ; Untyped          ;
; BYTEENA_ACLR_B                     ; NONE                 ; Untyped          ;
; WIDTH_BYTEENA_A                    ; 1                    ; Untyped          ;
; WIDTH_BYTEENA_B                    ; 1                    ; Untyped          ;
; RAM_BLOCK_TYPE                     ; AUTO                 ; Untyped          ;
; BYTE_SIZE                          ; 8                    ; Untyped          ;
; READ_DURING_WRITE_MODE_MIXED_PORTS ; DONT_CARE            ; Untyped          ;
; READ_DURING_WRITE_MODE_PORT_A      ; NEW_DATA_NO_NBE_READ ; Untyped          ;
; READ_DURING_WRITE_MODE_PORT_B      ; NEW_DATA_NO_NBE_READ ; Untyped          ;
; INIT_FILE                          ; program.mif          ; Untyped          ;
; INIT_FILE_LAYOUT                   ; PORT_A               ; Untyped          ;
; MAXIMUM_DEPTH                      ; 0                    ; Untyped          ;
; CLOCK_ENABLE_INPUT_A               ; NORMAL               ; Untyped          ;
; CLOCK_ENABLE_INPUT_B               ; NORMAL               ; Untyped          ;
; CLOCK_ENABLE_OUTPUT_A              ; NORMAL               ; Untyped          ;
; CLOCK_ENABLE_OUTPUT_B              ; NORMAL               ; Untyped          ;
; CLOCK_ENABLE_CORE_A                ; USE_INPUT_CLKEN      ; Untyped          ;
; CLOCK_ENABLE_CORE_B                ; USE_INPUT_CLKEN      ; Untyped          ;
; ENABLE_ECC                         ; FALSE                ; Untyped          ;
; DEVICE_FAMILY                      ; Cyclone II           ; Untyped          ;
; CBXI_PARAMETER                     ; altsyncram_u2t       ; Untyped          ;
+------------------------------------+----------------------+------------------+
Note: In order to hide this table in the UI and the text report file, please set the "Show Parameter Settings Tables in Synthesis Report" option in "Analysis and Synthesis Settings -> More Settings" to "Off".


+-----------------------------------------------------------------------------+
; altsyncram Parameter Settings by Entity Instance                            ;
+-------------------------------------------+---------------------------------+
; Name                                      ; Value                           ;
+-------------------------------------------+---------------------------------+
; Number of entity instances                ; 1                               ;
; Entity Instance                           ; altsyncram:altsyncram_component ;
;     -- OPERATION_MODE                     ; SINGLE_PORT                     ;
;     -- WIDTH_A                            ; 16                              ;
;     -- NUMWORDS_A                         ; 1                               ;
;     -- OUTDATA_REG_A                      ; UNREGISTERED                    ;
;     -- WIDTH_B                            ; 1                               ;
;     -- NUMWORDS_B                         ; 1                               ;
;     -- ADDRESS_REG_B                      ; CLOCK1                          ;
;     -- OUTDATA_REG_B                      ; UNREGISTERED                    ;
;     -- RAM_BLOCK_TYPE                     ; AUTO                            ;
;     -- READ_DURING_WRITE_MODE_MIXED_PORTS ; DONT_CARE                       ;
+-------------------------------------------+---------------------------------+


+-------------------------------+
; Analysis & Synthesis Messages ;
+-------------------------------+
Info: *******************************************************************
Info: Running Quartus II Analysis & Synthesis
    Info: Version 9.1 Build 350 03/24/2010 Service Pack 2 SJ Web Edition
    Info: Processing started: Wed Jun 01 11:45:08 2011
Info: Command: quartus_map --read_settings_files=on --write_settings_files=off CPU16 -c CPU16
Info: Found 1 design units, including 1 entities, in source file cpu16.v
    Info: Found entity 1: CPU16
Info: Elaborating entity "CPU16" for the top level hierarchy
Warning (10230): Verilog HDL assignment warning at CPU16.v(56): truncated value with size 32 to match size of target (4)
Warning (10230): Verilog HDL assignment warning at CPU16.v(63): truncated value with size 32 to match size of target (4)
Warning (10230): Verilog HDL assignment warning at CPU16.v(69): truncated value with size 32 to match size of target (8)
Warning (10230): Verilog HDL assignment warning at CPU16.v(70): truncated value with size 32 to match size of target (4)
Warning (10230): Verilog HDL assignment warning at CPU16.v(77): truncated value with size 32 to match size of target (4)
Warning (10230): Verilog HDL assignment warning at CPU16.v(79): truncated value with size 32 to match size of target (4)
Warning (10230): Verilog HDL assignment warning at CPU16.v(82): truncated value with size 32 to match size of target (4)
Warning (10230): Verilog HDL assignment warning at CPU16.v(86): truncated value with size 32 to match size of target (4)
Warning (10230): Verilog HDL assignment warning at CPU16.v(88): truncated value with size 32 to match size of target (4)
Warning (10230): Verilog HDL assignment warning at CPU16.v(90): truncated value with size 32 to match size of target (4)
Warning (10230): Verilog HDL assignment warning at CPU16.v(92): truncated value with size 32 to match size of target (4)
Warning (10230): Verilog HDL assignment warning at CPU16.v(94): truncated value with size 32 to match size of target (4)
Warning (10230): Verilog HDL assignment warning at CPU16.v(96): truncated value with size 32 to match size of target (4)
Warning (10230): Verilog HDL assignment warning at CPU16.v(98): truncated value with size 32 to match size of target (4)
Warning (10230): Verilog HDL assignment warning at CPU16.v(100): truncated value with size 32 to match size of target (4)
Warning (10230): Verilog HDL assignment warning at CPU16.v(102): truncated value with size 32 to match size of target (4)
Warning (10230): Verilog HDL assignment warning at CPU16.v(104): truncated value with size 32 to match size of target (4)
Warning (10230): Verilog HDL assignment warning at CPU16.v(111): truncated value with size 32 to match size of target (4)
Warning (10230): Verilog HDL assignment warning at CPU16.v(116): truncated value with size 32 to match size of target (4)
Warning (10230): Verilog HDL assignment warning at CPU16.v(121): truncated value with size 32 to match size of target (4)
Warning (10230): Verilog HDL assignment warning at CPU16.v(127): truncated value with size 32 to match size of target (4)
Warning (10230): Verilog HDL assignment warning at CPU16.v(133): truncated value with size 32 to match size of target (4)
Warning (10230): Verilog HDL assignment warning at CPU16.v(139): truncated value with size 32 to match size of target (4)
Warning (10230): Verilog HDL assignment warning at CPU16.v(144): truncated value with size 32 to match size of target (4)
Warning (10230): Verilog HDL assignment warning at CPU16.v(149): truncated value with size 32 to match size of target (4)
Warning (10230): Verilog HDL assignment warning at CPU16.v(154): truncated value with size 32 to match size of target (4)
Warning (10230): Verilog HDL assignment warning at CPU16.v(159): truncated value with size 32 to match size of target (4)
Warning (10230): Verilog HDL assignment warning at CPU16.v(163): truncated value with size 32 to match size of target (4)
Warning (10230): Verilog HDL assignment warning at CPU16.v(167): truncated value with size 32 to match size of target (4)
Warning (10199): Verilog HDL Case Statement warning at CPU16.v(169): case item expression never matches the case expression
Warning (10230): Verilog HDL assignment warning at CPU16.v(177): truncated value with size 32 to match size of target (4)
Info: Elaborating entity "altsyncram" for hierarchy "altsyncram:altsyncram_component"
Info: Elaborated megafunction instantiation "altsyncram:altsyncram_component"
Info: Instantiated megafunction "altsyncram:altsyncram_component" with the following parameter:
    Info: Parameter "operation_mode" = "SINGLE_PORT"
    Info: Parameter "width_a" = "16"
    Info: Parameter "widthad_a" = "8"
    Info: Parameter "outdata_reg_a" = "UNREGISTERED"
    Info: Parameter "lpm_type" = "altsyncram"
    Info: Parameter "init_file" = "program.mif"
    Info: Parameter "intended_device_family" = "Cyclone"
Info: Found 1 design units, including 1 entities, in source file db/altsyncram_u2t.tdf
    Info: Found entity 1: altsyncram_u2t
Info: Elaborating entity "altsyncram_u2t" for hierarchy "altsyncram:altsyncram_component|altsyncram_u2t:auto_generated"
Warning (12020): Port "address_a" on the entity instantiation of "altsyncram_component" is connected to a signal of width 16. The formal width of the signal in the module is 8.  The extra bits will be ignored.
Warning (12020): Port "wren_a" on the entity instantiation of "altsyncram_component" is connected to a signal of width 16. The formal width of the signal in the module is 1.  The extra bits will be ignored.
Info: Registers with preset signals will power-up high
Info: DEV_CLRn pin will set, and not reset, register with preset signal due to NOT Gate Push-Back
Info: 1 registers lost all their fanouts during netlist optimizations. The first 1 are displayed below.
    Info: Register "state[3]" lost all its fanouts during netlist optimizations.
Info: Implemented 207 device resources after synthesis - the final resource count might be different
    Info: Implemented 2 input pins
    Info: Implemented 56 output pins
    Info: Implemented 133 logic cells
    Info: Implemented 16 RAM segments
Info: Quartus II Analysis & Synthesis was successful. 0 errors, 33 warnings
    Info: Peak virtual memory: 215 megabytes
    Info: Processing ended: Wed Jun 01 11:45:21 2011
    Info: Elapsed time: 00:00:13
    Info: Total CPU time (on all processors): 00:00:03


